生成启动时间为 2015/11/2 10:01:07。
     1>项目“E:\飞马杯\跑程序\Qt_femas_14\Qt_femas\Qt_femas.vcxproj”在节点 2 上(build 个目标)。
     1>InitializeBuildStatus:
         正在创建“Debug\Qt_femas.unsuccessfulbuild”，因为已指定“AlwaysCreate”。
       CustomBuild:
         所有输出均为最新。
       ClCompile:
         g:\Program Files (x86)\Microsoft Visual Studio 10.0\VC\bin\CL.exe /c /I.\GeneratedFiles /I. /IG:\QT\Qt5.5.0\5.5\msvc2010\include /I.\GeneratedFiles\Debug /IG:\QT\Qt5.5.0\5.5\msvc2010\include\QtCore /IG:\QT\Qt5.5.0\5.5\msvc2010\include\QtGui /IG:\QT\Qt5.5.0\5.5\msvc2010\include\QtWidgets /Zi /nologo /W1 /WX- /Od /Oy- /D UNICODE /D WIN32 /D WIN64 /D QT_DLL /D QT_CORE_LIB /D QT_GUI_LIB /D QT_WIDGETS_LIB /Gm- /EHsc /MDd /GS /fp:precise /Zc:wchar_t /Zc:forScope /Fo"Debug\\" /Fd"Debug\vc100.pdb" /Gd /TP /analyze- /errorReport:prompt SystemCore\Global.cpp
         Global.cpp
         所有输出均为最新。
       Link:
         g:\Program Files (x86)\Microsoft Visual Studio 10.0\VC\bin\link.exe /ERRORREPORT:PROMPT /OUT:"E:\飞马杯\跑程序\Qt_femas_14\Debug\\Qt_femas.exe" /NOLOGO /LIBPATH:G:\QT\Qt5.5.0\5.5\msvc2010\lib qtmaind.lib Qt5Cored.lib Qt5Guid.lib Qt5Widgetsd.lib kernel32.lib user32.lib gdi32.lib winspool.lib comdlg32.lib advapi32.lib shell32.lib ole32.lib oleaut32.lib uuid.lib odbc32.lib odbccp32.lib /MANIFEST /ManifestFile:"Debug\Qt_femas.exe.intermediate.manifest" /MANIFESTUAC:"level='asInvoker' uiAccess='false'" /DEBUG /PDB:"E:\飞马杯\跑程序\Qt_femas_14\Debug\Qt_femas.pdb" /SUBSYSTEM:WINDOWS /TLBID:1 /DYNAMICBASE /NXCOMPAT /IMPLIB:"E:\飞马杯\跑程序\Qt_femas_14\Debug\Qt_femas.lib" /MACHINE:X86 Debug\moc_logindialog.obj
         Debug\moc_qt_femas.obj
         Debug\qrc_qt_femas.obj
         Debug\logindialog.obj
         Debug\main.obj
         Debug\FemasMarketData.obj
         Debug\femasMdSpi.obj
         Debug\femasTraderSpi.obj
         Debug\PublicFuncs.obj
         Debug\qt_femas.obj
         Debug\Strategy.obj
         Debug\StrategyTask.obj
         Debug\Global.obj
         Debug\LocalMemory.obj
         Debug\OrderManageSys.obj
         USTPmduserapi.lib
         USTPtraderapi.lib
         LINK : 没有找到 E:\飞马杯\跑程序\Qt_femas_14\Debug\\Qt_femas.exe 或上一个增量链接没有生成它；正在执行完全链接
         Qt_femas.vcxproj -> E:\飞马杯\跑程序\Qt_femas_14\Debug\Qt_femas.exe
       Manifest:
         C:\Program Files (x86)\Microsoft SDKs\Windows\v7.0A\bin\mt.exe /nologo /verbose /outputresource:"E:\飞马杯\跑程序\Qt_femas_14\Debug\\Qt_femas.exe;#1" /manifest Debug\Qt_femas.exe.intermediate.manifest
       FinalizeBuildStatus:
         正在删除文件“Debug\Qt_femas.unsuccessfulbuild”。
         正在对“Debug\Qt_femas.lastbuildstate”执行 Touch 任务。
     1>已完成生成项目“E:\飞马杯\跑程序\Qt_femas_14\Qt_femas\Qt_femas.vcxproj”(build 个目标)的操作。

项目性能摘要:
     1654 毫秒  E:\飞马杯\跑程序\Qt_femas_14\Qt_femas\Qt_femas.vcxproj   1 次调用
               1654 毫秒  build                                      1 次调用

目标性能摘要:
        0 毫秒  ComputeManifestGeneratedLinkerInputs       1 次调用
        0 毫秒  ComputeCLCompileGeneratedXDCFiles          1 次调用
        0 毫秒  AfterBuildGenerateSources                  1 次调用
        0 毫秒  GetCopyToOutputDirectoryXamlAppDefs        1 次调用
        0 毫秒  SelectClCompile                            1 次调用
        0 毫秒  ResolveReferences                          1 次调用
        0 毫秒  MakeDirsForManifest                        1 次调用
        0 毫秒  CopyFilesToOutputDirectory                 1 次调用
        0 毫秒  CreateSatelliteAssemblies                  1 次调用
        0 毫秒  MakeDirsForCl                              1 次调用
        0 毫秒  BuildCompileTraverse                       1 次调用
        0 毫秒  ExpandSDKReferences                        1 次调用
        0 毫秒  CreateCustomManifestResourceNames          1 次调用
        0 毫秒  GetReferenceAssemblyPaths                  1 次调用
        0 毫秒  _ClCompile                                 1 次调用
        0 毫秒  ResolveAssemblyReferences                  1 次调用
        0 毫秒  SetBuildDefaultEnvironmentVariables        1 次调用
        0 毫秒  _GenerateXMLData                           1 次调用
        0 毫秒  _SelectedFiles                             1 次调用
        0 毫秒  BuildLink                                  1 次调用
        0 毫秒  _CheckForCompileOutputs                    1 次调用
        0 毫秒  SelectCustomBuild                          1 次调用
        0 毫秒  _Midl                                      1 次调用
        0 毫秒  _PrepareForBuild                           1 次调用
        0 毫秒  _DetermineManagedStateForLink              1 次调用
        0 毫秒  _Xsd                                       1 次调用
        0 毫秒  AfterResourceCompile                       1 次调用
        0 毫秒  PostBuildEvent                             1 次调用
        0 毫秒  MakeDirsForBscMake                         1 次调用
        0 毫秒  ComputeCustomBuildOutput                   1 次调用
        0 毫秒  BuildGenerateSources                       1 次调用
        0 毫秒  ComputeCLInputPDBName                      1 次调用
        0 毫秒  ComputeMIDLGeneratedCompileInputs          1 次调用
        0 毫秒  GetFrameworkPaths                          1 次调用
        0 毫秒  ComputeLinkImportLibraryOutputsForClean    1 次调用
        0 毫秒  _DetermineManagedStateFromCL               1 次调用
        0 毫秒  ComputeManifestInputsTargets               1 次调用
        0 毫秒  BuildLinkTraverse                          1 次调用
        0 毫秒  _Link                                      1 次调用
        0 毫秒  _XdcMake                                   1 次调用
        0 毫秒  GetInstalledSDKLocations                   1 次调用
        0 毫秒  ComputeRCOutputs                           1 次调用
        0 毫秒  MakeDirsForResourceCompile                 1 次调用
        0 毫秒  _GenerateSatelliteAssemblyInputs           1 次调用
        0 毫秒  FinalizeBuildStatus                        1 次调用
        0 毫秒  Build                                      1 次调用
        0 毫秒  ComputeLinkInputsFromProject               1 次调用
        0 毫秒  _ResourceCompile                           1 次调用
        0 毫秒  _Manifest                                  1 次调用
        0 毫秒  PreBuildEvent                              1 次调用
        0 毫秒  ComputeReferenceCLInput                    1 次调用
        0 毫秒  MakeDirsForMidl                            1 次调用
        0 毫秒  _Appverifier                               1 次调用
        0 毫秒  _BscMake                                   1 次调用
        0 毫秒  DoLinkOutputFilesMatch                     1 次调用
        0 毫秒  BeforeClCompile                            1 次调用
        0 毫秒  AfterBuildGenerateSourcesEvent             1 次调用
        0 毫秒  ComputeCLOutputs                           1 次调用
        0 毫秒  BeforeResolveReferences                    1 次调用
        0 毫秒  AfterResolveReferences                     1 次调用
        0 毫秒  BuildGenerateSourcesTraverse               1 次调用
        0 毫秒  ResolveProjectReferences                   1 次调用
        0 毫秒  AssignTargetPaths                          1 次调用
        0 毫秒  InitializeBuildStatus                      1 次调用
        0 毫秒  _CheckForInvalidConfigurationAndPlatform   1 次调用
        0 毫秒  ComputeCLGeneratedLinkInputs               1 次调用
        0 毫秒  _ALink                                     1 次调用
        0 毫秒  RegisterOutput                             1 次调用
        0 毫秒  ComputeCLCompileGeneratedSbrFiles          1 次调用
        0 毫秒  ResolveSDKReferences                       1 次调用
        0 毫秒  CustomBuild                                1 次调用
        0 毫秒  PrepareResourceNames                       1 次调用
        0 毫秒  MakeDirsForLink                            1 次调用
        0 毫秒  _Deploy                                    1 次调用
        0 毫秒  PreLinkEvent                               1 次调用
        0 毫秒  AfterClCompile                             1 次调用
        0 毫秒  BeforeBuildGenerateSources                 1 次调用
        0 毫秒  PrepareForBuild                            1 次调用
        0 毫秒  GetCopyToOutputDirectoryItems              1 次调用
        0 毫秒  AfterBuildCompileEvent                     1 次调用
        0 毫秒  AfterBuild                                 1 次调用
        0 毫秒  AfterMidl                                  1 次调用
        0 毫秒  _CopySourceItemsToOutputDirectory          1 次调用
        0 毫秒  BeforeResourceCompile                      1 次调用
        0 毫秒  AssignProjectConfiguration                 1 次调用
        0 毫秒  BeforeLink                                 1 次调用
        0 毫秒  _GenerateWebServiceProxy                   1 次调用
        0 毫秒  ComputeRCGeneratedLinkInputs               1 次调用
        0 毫秒  BuildCompile                               1 次调用
        0 毫秒  AfterLink                                  1 次调用
        0 毫秒  ResolvedXDCMake                            1 次调用
        0 毫秒  MakeDirsForXdcMake                         1 次调用
        0 毫秒  PlatformPrepareForBuild                    1 次调用
       16 毫秒  _SplitProjectReferencesByFileExistence     1 次调用
       16 毫秒  SplitResourcesByCulture                    1 次调用
       78 毫秒  Manifest                                   1 次调用
      406 毫秒  Link                                       1 次调用
     1139 毫秒  ClCompile                                  1 次调用

任务性能摘要:
        0 毫秒  Touch                                      2 次调用
        0 毫秒  ReadLinesFromFile                          1 次调用
        0 毫秒  ResolveAssemblyReference                   1 次调用
        0 毫秒  Message                                    3 次调用
        0 毫秒  AssignCulture                              1 次调用
        0 毫秒  CustomBuild                                1 次调用
        0 毫秒  WriteLinesToFile                           2 次调用
        0 毫秒  AssignTargetPath                           6 次调用
        0 毫秒  Delete                                     1 次调用
        0 毫秒  AssignProjectConfiguration                 1 次调用
        0 毫秒  SetEnv                                     4 次调用
        0 毫秒  MakeDir                                   10 次调用
       78 毫秒  Mt                                         1 次调用
      406 毫秒  Link                                       1 次调用
     1139 毫秒  CL                                         2 次调用

生成成功。

已用时间 00:00:01.66
