E:\飞马杯\跑程序\QT_FEMAS_14\DEBUG\QT_FEMAS.EXE
E:\飞马杯\跑程序\QT_FEMAS_14\DEBUG\QT_FEMAS.ILK
E:\飞马杯\跑程序\QT_FEMAS_14\DEBUG\QT_FEMAS.PDB
E:\飞马杯\跑程序\Qt_femas_14\Qt_femas\Debug\cl.command.1.tlog
E:\飞马杯\跑程序\Qt_femas_14\Qt_femas\Debug\CL.read.1.tlog
E:\飞马杯\跑程序\Qt_femas_14\Qt_femas\Debug\CL.write.1.tlog
E:\飞马杯\跑程序\Qt_femas_14\Qt_femas\Debug\custombuild.command.1.tlog
E:\飞马杯\跑程序\Qt_femas_14\Qt_femas\Debug\custombuild.read.1.tlog
E:\飞马杯\跑程序\Qt_femas_14\Qt_femas\Debug\custombuild.write.1.tlog
E:\飞马杯\跑程序\QT_FEMAS_14\QT_FEMAS\DEBUG\FEMASMARKETDATA.OBJ
E:\飞马杯\跑程序\QT_FEMAS_14\QT_FEMAS\DEBUG\FEMASMDSPI.OBJ
E:\飞马杯\跑程序\QT_FEMAS_14\QT_FEMAS\DEBUG\FEMASTRADERSPI.OBJ
E:\飞马杯\跑程序\QT_FEMAS_14\QT_FEMAS\DEBUG\GLOBAL.OBJ
E:\飞马杯\跑程序\Qt_femas_14\Qt_femas\Debug\link.command.1.tlog
E:\飞马杯\跑程序\Qt_femas_14\Qt_femas\Debug\link.read.1.tlog
E:\飞马杯\跑程序\Qt_femas_14\Qt_femas\Debug\link.write.1.tlog
E:\飞马杯\跑程序\QT_FEMAS_14\QT_FEMAS\DEBUG\LOCALMEMORY.OBJ
E:\飞马杯\跑程序\QT_FEMAS_14\QT_FEMAS\DEBUG\LOGINDIALOG.OBJ
E:\飞马杯\跑程序\QT_FEMAS_14\QT_FEMAS\DEBUG\MAIN.OBJ
E:\飞马杯\跑程序\QT_FEMAS_14\QT_FEMAS\DEBUG\MOC_LOGINDIALOG.OBJ
E:\飞马杯\跑程序\QT_FEMAS_14\QT_FEMAS\DEBUG\MOC_QT_FEMAS.OBJ
E:\飞马杯\跑程序\Qt_femas_14\Qt_femas\Debug\mt.command.1.tlog
E:\飞马杯\跑程序\Qt_femas_14\Qt_femas\Debug\mt.read.1.tlog
E:\飞马杯\跑程序\Qt_femas_14\Qt_femas\Debug\mt.write.1.tlog
E:\飞马杯\跑程序\QT_FEMAS_14\QT_FEMAS\DEBUG\ORDERMANAGESYS.OBJ
E:\飞马杯\跑程序\QT_FEMAS_14\QT_FEMAS\DEBUG\PUBLICFUNCS.OBJ
E:\飞马杯\跑程序\QT_FEMAS_14\QT_FEMAS\DEBUG\QRC_QT_FEMAS.OBJ
E:\飞马杯\跑程序\QT_FEMAS_14\QT_FEMAS\DEBUG\QT_FEMAS.EXE.INTERMEDIATE.MANIFEST
E:\飞马杯\跑程序\QT_FEMAS_14\QT_FEMAS\DEBUG\QT_FEMAS.OBJ
E:\飞马杯\跑程序\Qt_femas_14\Qt_femas\Debug\Qt_femas.vcxprojResolveAssemblyReference.cache
E:\飞马杯\跑程序\Qt_femas_14\Qt_femas\Debug\Qt_femas.write.1.tlog
E:\飞马杯\跑程序\QT_FEMAS_14\QT_FEMAS\DEBUG\STRATEGY.OBJ
E:\飞马杯\跑程序\QT_FEMAS_14\QT_FEMAS\DEBUG\STRATEGYTASK.OBJ
E:\飞马杯\跑程序\QT_FEMAS_14\QT_FEMAS\DEBUG\VC100.PDB
E:\飞马杯\跑程序\QT_FEMAS_14\QT_FEMAS\GENERATEDFILES\DEBUG\MOC_LOGINDIALOG.CPP
E:\飞马杯\跑程序\QT_FEMAS_14\QT_FEMAS\GENERATEDFILES\DEBUG\MOC_QT_FEMAS.CPP
E:\飞马杯\跑程序\QT_FEMAS_14\QT_FEMAS\GENERATEDFILES\QRC_QT_FEMAS.CPP
E:\飞马杯\跑程序\QT_FEMAS_14\QT_FEMAS\GENERATEDFILES\UI_LOGINDIALOG.H
E:\飞马杯\跑程序\QT_FEMAS_14\QT_FEMAS\GENERATEDFILES\UI_QT_FEMAS.H
