E:\飞马杯\陈乐\QT_FEMAS_14\QT_FEMAS\GENERATEDFILES\QRC_QT_FEMAS.CPP
E:\飞马杯\陈乐\QT_FEMAS_14\QT_FEMAS\GENERATEDFILES\RELEASE\MOC_LOGINDIALOG.CPP
E:\飞马杯\陈乐\QT_FEMAS_14\QT_FEMAS\GENERATEDFILES\RELEASE\MOC_QT_FEMAS.CPP
E:\飞马杯\陈乐\QT_FEMAS_14\QT_FEMAS\GENERATEDFILES\UI_LOGINDIALOG.H
E:\飞马杯\陈乐\QT_FEMAS_14\QT_FEMAS\GENERATEDFILES\UI_QT_FEMAS.H
E:\飞马杯\陈乐\Qt_femas_14\Qt_femas\Release\cl.command.1.tlog
E:\飞马杯\陈乐\Qt_femas_14\Qt_femas\Release\CL.read.1.tlog
E:\飞马杯\陈乐\Qt_femas_14\Qt_femas\Release\CL.write.1.tlog
E:\飞马杯\陈乐\Qt_femas_14\Qt_femas\Release\custombuild.command.1.tlog
E:\飞马杯\陈乐\Qt_femas_14\Qt_femas\Release\custombuild.read.1.tlog
E:\飞马杯\陈乐\Qt_femas_14\Qt_femas\Release\custombuild.write.1.tlog
E:\飞马杯\陈乐\QT_FEMAS_14\QT_FEMAS\RELEASE\FEMASMARKETDATA.OBJ
E:\飞马杯\陈乐\QT_FEMAS_14\QT_FEMAS\RELEASE\FEMASMDSPI.OBJ
E:\飞马杯\陈乐\QT_FEMAS_14\QT_FEMAS\RELEASE\FEMASTRADERSPI.OBJ
E:\飞马杯\陈乐\QT_FEMAS_14\QT_FEMAS\RELEASE\GLOBAL.OBJ
E:\飞马杯\陈乐\Qt_femas_14\Qt_femas\Release\link.command.1.tlog
E:\飞马杯\陈乐\Qt_femas_14\Qt_femas\Release\link.read.1.tlog
E:\飞马杯\陈乐\Qt_femas_14\Qt_femas\Release\link.write.1.tlog
E:\飞马杯\陈乐\QT_FEMAS_14\QT_FEMAS\RELEASE\LOCALMEMORY.OBJ
E:\飞马杯\陈乐\QT_FEMAS_14\QT_FEMAS\RELEASE\LOGINDIALOG.OBJ
E:\飞马杯\陈乐\QT_FEMAS_14\QT_FEMAS\RELEASE\MAIN.OBJ
E:\飞马杯\陈乐\QT_FEMAS_14\QT_FEMAS\RELEASE\MOC_LOGINDIALOG.OBJ
E:\飞马杯\陈乐\QT_FEMAS_14\QT_FEMAS\RELEASE\MOC_QT_FEMAS.OBJ
E:\飞马杯\陈乐\Qt_femas_14\Qt_femas\Release\mt.command.1.tlog
E:\飞马杯\陈乐\Qt_femas_14\Qt_femas\Release\mt.read.1.tlog
E:\飞马杯\陈乐\Qt_femas_14\Qt_femas\Release\mt.write.1.tlog
E:\飞马杯\陈乐\QT_FEMAS_14\QT_FEMAS\RELEASE\ORDERMANAGESYS.OBJ
E:\飞马杯\陈乐\QT_FEMAS_14\QT_FEMAS\RELEASE\PUBLICFUNCS.OBJ
E:\飞马杯\陈乐\QT_FEMAS_14\QT_FEMAS\RELEASE\QRC_QT_FEMAS.OBJ
E:\飞马杯\陈乐\QT_FEMAS_14\QT_FEMAS\RELEASE\QT_FEMAS.EXE.INTERMEDIATE.MANIFEST
E:\飞马杯\陈乐\QT_FEMAS_14\QT_FEMAS\RELEASE\QT_FEMAS.OBJ
E:\飞马杯\陈乐\Qt_femas_14\Qt_femas\Release\Qt_femas.write.1.tlog
E:\飞马杯\陈乐\QT_FEMAS_14\QT_FEMAS\RELEASE\STRATEGY.OBJ
E:\飞马杯\陈乐\QT_FEMAS_14\QT_FEMAS\RELEASE\STRATEGYTASK.OBJ
E:\飞马杯\陈乐\QT_FEMAS_14\WIN32\RELEASE\QT_FEMAS.EXE
